{"synthetic": false,
 "schemaVersion": "2025-09-10",
 "outputs":
 {"o": ["09a73d036ff0c8de.olean"],
  "i": "8d12eb1682a3093e.ilean",
  "c": "82f3905a7e491017.c"},
 "log":
 [{"message":
   ".> LEAN_PATH=C:\\Users\\lucat\\Desktop\\qftt-wesh\\.lake\\packages\\Cli\\.lake\\build\\lib\\lean;C:\\Users\\lucat\\Desktop\\qftt-wesh\\.lake\\packages\\batteries\\.lake\\build\\lib\\lean;C:\\Users\\lucat\\Desktop\\qftt-wesh\\.lake\\packages\\Qq\\.lake\\build\\lib\\lean;C:\\Users\\lucat\\Desktop\\qftt-wesh\\.lake\\packages\\aesop\\.lake\\build\\lib\\lean;C:\\Users\\lucat\\Desktop\\qftt-wesh\\.lake\\packages\\proofwidgets\\.lake\\build\\lib\\lean;C:\\Users\\lucat\\Desktop\\qftt-wesh\\.lake\\packages\\importGraph\\.lake\\build\\lib\\lean;C:\\Users\\lucat\\Desktop\\qftt-wesh\\.lake\\packages\\LeanSearchClient\\.lake\\build\\lib\\lean;C:\\Users\\lucat\\Desktop\\qftt-wesh\\.lake\\packages\\plausible\\.lake\\build\\lib\\lean;C:\\Users\\lucat\\Desktop\\qftt-wesh\\.lake\\packages\\mathlib\\.lake\\build\\lib\\lean;C:\\Users\\lucat\\Desktop\\qftt-wesh\\.lake\\build\\lib\\lean c:\\Users\\lucat\\.elan\\toolchains\\leanprover--lean4---v4.28.0-rc1\\bin\\lean.exe C:\\Users\\lucat\\Desktop\\qftt-wesh\\formal-verification\\AppendixH.lean -o C:\\Users\\lucat\\Desktop\\qftt-wesh\\.lake\\build\\lib\\lean\\AppendixH.olean -i C:\\Users\\lucat\\Desktop\\qftt-wesh\\.lake\\build\\lib\\lean\\AppendixH.ilean -c C:\\Users\\lucat\\Desktop\\qftt-wesh\\.lake\\build\\ir\\AppendixH.c --setup C:\\Users\\lucat\\Desktop\\qftt-wesh\\.lake\\build\\ir\\AppendixH.setup.json --json",
   "level": "trace"}],
 "inputs":
 [["AppendixH:deps",
   [["deps",
     [["«qftt-wesh»/FormalVerification:extraDep",
       [["@«qftt-wesh»:extraDep", "00000000000006bb"]]],
      ["imports",
       [["Mathlib transitive imports (legacy)", "68fa8085e1671044"],
        ["Mathlib:importAllArts", "734bc89e0397fc71"]]]]],
    ["libs",
     [["import dynlibs", "00000000000006bb"],
      ["package external libraries", "00000000000006bb"],
      ["module dynlibs", "00000000000006bb"],
      ["module plugins", "00000000000006bb"]]]]],
  ["Lean 4.28.0, commit 3b0f2862196c6a8af9eb0025ee650252694013dd",
   "612345b87aa96642"],
  ["C:\\Users\\lucat\\Desktop\\qftt-wesh\\formal-verification\\AppendixH.lean",
   "1879fc4092f77d4d"],
  ["options", "00000000000006bb"],
  ["Module.leanArgs: #[]", "00000000000006bb"]],
 "depHash": "3d4ef08cf0703080"}