{"synthetic": false,
 "schemaVersion": "2025-09-10",
 "outputs":
 {"o": ["b1a77610b72bed5d.olean"],
  "i": "ced3d099b264e02e.ilean",
  "c": "6a73c407f3aae459.c"},
 "log":
 [{"message":
   ".> LEAN_PATH=C:\\Users\\lucat\\Desktop\\qftt-wesh\\.lake\\packages\\Cli\\.lake\\build\\lib\\lean;C:\\Users\\lucat\\Desktop\\qftt-wesh\\.lake\\packages\\batteries\\.lake\\build\\lib\\lean;C:\\Users\\lucat\\Desktop\\qftt-wesh\\.lake\\packages\\Qq\\.lake\\build\\lib\\lean;C:\\Users\\lucat\\Desktop\\qftt-wesh\\.lake\\packages\\aesop\\.lake\\build\\lib\\lean;C:\\Users\\lucat\\Desktop\\qftt-wesh\\.lake\\packages\\proofwidgets\\.lake\\build\\lib\\lean;C:\\Users\\lucat\\Desktop\\qftt-wesh\\.lake\\packages\\importGraph\\.lake\\build\\lib\\lean;C:\\Users\\lucat\\Desktop\\qftt-wesh\\.lake\\packages\\LeanSearchClient\\.lake\\build\\lib\\lean;C:\\Users\\lucat\\Desktop\\qftt-wesh\\.lake\\packages\\plausible\\.lake\\build\\lib\\lean;C:\\Users\\lucat\\Desktop\\qftt-wesh\\.lake\\packages\\mathlib\\.lake\\build\\lib\\lean;C:\\Users\\lucat\\Desktop\\qftt-wesh\\.lake\\build\\lib\\lean c:\\Users\\lucat\\.elan\\toolchains\\leanprover--lean4---v4.28.0-rc1\\bin\\lean.exe C:\\Users\\lucat\\Desktop\\qftt-wesh\\formal-verification\\AppendixB.lean -o C:\\Users\\lucat\\Desktop\\qftt-wesh\\.lake\\build\\lib\\lean\\AppendixB.olean -i C:\\Users\\lucat\\Desktop\\qftt-wesh\\.lake\\build\\lib\\lean\\AppendixB.ilean -c C:\\Users\\lucat\\Desktop\\qftt-wesh\\.lake\\build\\ir\\AppendixB.c --setup C:\\Users\\lucat\\Desktop\\qftt-wesh\\.lake\\build\\ir\\AppendixB.setup.json --json",
   "level": "trace"}],
 "inputs":
 [["AppendixB:deps",
   [["deps",
     [["«qftt-wesh»/FormalVerification:extraDep",
       [["@«qftt-wesh»:extraDep", "00000000000006bb"]]],
      ["imports",
       [["Mathlib transitive imports (legacy)", "68fa8085e1671044"],
        ["Mathlib:importAllArts", "734bc89e0397fc71"]]]]],
    ["libs",
     [["import dynlibs", "00000000000006bb"],
      ["package external libraries", "00000000000006bb"],
      ["module dynlibs", "00000000000006bb"],
      ["module plugins", "00000000000006bb"]]]]],
  ["Lean 4.28.0, commit 3b0f2862196c6a8af9eb0025ee650252694013dd",
   "612345b87aa96642"],
  ["C:\\Users\\lucat\\Desktop\\qftt-wesh\\formal-verification\\AppendixB.lean",
   "f6e4c14aa51253d9"],
  ["options", "00000000000006bb"],
  ["Module.leanArgs: #[]", "00000000000006bb"]],
 "depHash": "0042841b10c0db1d"}