{"synthetic": false,
 "schemaVersion": "2025-09-10",
 "outputs":
 {"o": ["97ed914d4e39df8a.olean"],
  "i": "ce0d3fbf2b16b190.ilean",
  "c": "e2da9949c8a224d8.c"},
 "log":
 [{"message":
   ".> LEAN_PATH=C:\\Users\\lucat\\Desktop\\qftt-wesh\\.lake\\packages\\Cli\\.lake\\build\\lib\\lean;C:\\Users\\lucat\\Desktop\\qftt-wesh\\.lake\\packages\\batteries\\.lake\\build\\lib\\lean;C:\\Users\\lucat\\Desktop\\qftt-wesh\\.lake\\packages\\Qq\\.lake\\build\\lib\\lean;C:\\Users\\lucat\\Desktop\\qftt-wesh\\.lake\\packages\\aesop\\.lake\\build\\lib\\lean;C:\\Users\\lucat\\Desktop\\qftt-wesh\\.lake\\packages\\proofwidgets\\.lake\\build\\lib\\lean;C:\\Users\\lucat\\Desktop\\qftt-wesh\\.lake\\packages\\importGraph\\.lake\\build\\lib\\lean;C:\\Users\\lucat\\Desktop\\qftt-wesh\\.lake\\packages\\LeanSearchClient\\.lake\\build\\lib\\lean;C:\\Users\\lucat\\Desktop\\qftt-wesh\\.lake\\packages\\plausible\\.lake\\build\\lib\\lean;C:\\Users\\lucat\\Desktop\\qftt-wesh\\.lake\\packages\\mathlib\\.lake\\build\\lib\\lean;C:\\Users\\lucat\\Desktop\\qftt-wesh\\.lake\\build\\lib\\lean c:\\Users\\lucat\\.elan\\toolchains\\leanprover--lean4---v4.28.0-rc1\\bin\\lean.exe C:\\Users\\lucat\\Desktop\\qftt-wesh\\formal-verification\\Section6_Part1.lean -o C:\\Users\\lucat\\Desktop\\qftt-wesh\\.lake\\build\\lib\\lean\\Section6_Part1.olean -i C:\\Users\\lucat\\Desktop\\qftt-wesh\\.lake\\build\\lib\\lean\\Section6_Part1.ilean -c C:\\Users\\lucat\\Desktop\\qftt-wesh\\.lake\\build\\ir\\Section6_Part1.c --setup C:\\Users\\lucat\\Desktop\\qftt-wesh\\.lake\\build\\ir\\Section6_Part1.setup.json --json",
   "level": "trace"}],
 "inputs":
 [["Section6_Part1:deps",
   [["deps",
     [["«qftt-wesh»/FormalVerification:extraDep",
       [["@«qftt-wesh»:extraDep", "00000000000006bb"]]],
      ["imports",
       [["Mathlib transitive imports (legacy)", "68fa8085e1671044"],
        ["Mathlib:importAllArts", "734bc89e0397fc71"]]]]],
    ["libs",
     [["import dynlibs", "00000000000006bb"],
      ["package external libraries", "00000000000006bb"],
      ["module dynlibs", "00000000000006bb"],
      ["module plugins", "00000000000006bb"]]]]],
  ["Lean 4.28.0, commit 3b0f2862196c6a8af9eb0025ee650252694013dd",
   "612345b87aa96642"],
  ["C:\\Users\\lucat\\Desktop\\qftt-wesh\\formal-verification\\Section6_Part1.lean",
   "1a1c1df2c683fb9f"],
  ["options", "00000000000006bb"],
  ["Module.leanArgs: #[]", "00000000000006bb"]],
 "depHash": "2ac23573179b22ca"}